[    0.000000] Linux version 4.15.0-42-generic (buildd@lgw01-amd64-023) (gcc version 7.3.0 (Ubuntu 7.3.0-16ubuntu3)) #45-Ubuntu SMP Thu Nov 15 19:32:57 UTC 2018 (Ubuntu 4.15.0-42.45-generic 4.15.18)
[    0.000000] Command line: BOOT_IMAGE=/boot/vmlinuz-4.15.0-42-generic root=LABEL=cloudimg-rootfs ro console=tty1 console=ttyS0
[    0.000000] KERNEL supported cpus:
[    0.000000]   Intel GenuineIntel
[    0.000000]   AMD AuthenticAMD
[    0.000000]   Centaur CentaurHauls
[    0.000000] x86/fpu: Supporting XSAVE feature 0x001: 'x87 floating point registers'
[    0.000000] x86/fpu: Supporting XSAVE feature 0x002: 'SSE registers'
[    0.000000] x86/fpu: Supporting XSAVE feature 0x004: 'AVX registers'
[    0.000000] x86/fpu: xstate_offset[2]:  576, xstate_sizes[2]:  256
[    0.000000] x86/fpu: Enabled xstate features 0x7, context size is 832 bytes, using 'standard' format.
[    0.000000] e820: BIOS-provided physical RAM map:
[    0.000000] BIOS-e820: [mem 0x0000000000000000-0x000000000009fbff] usable
[    0.000000] BIOS-e820: [mem 0x000000000009fc00-0x000000000009ffff] reserved
[    0.000000] BIOS-e820: [mem 0x00000000000f0000-0x00000000000fffff] reserved
[    0.000000] BIOS-e820: [mem 0x0000000000100000-0x00000000dffeffff] usable
[    0.000000] BIOS-e820: [mem 0x00000000dfff0000-0x00000000dfffffff] ACPI data
[    0.000000] BIOS-e820: [mem 0x00000000fec00000-0x00000000fec00fff] reserved
[    0.000000] BIOS-e820: [mem 0x00000000fee00000-0x00000000fee00fff] reserved
[    0.000000] BIOS-e820: [mem 0x00000000fffc0000-0x00000000ffffffff] reserved
[    0.000000] BIOS-e820: [mem 0x0000000100000000-0x000000011fffffff] usable
[    0.000000] NX (Execute Disable) protection: active
[    0.000000] SMBIOS 2.5 present.
[    0.000000] DMI: innotek GmbH VirtualBox/VirtualBox, BIOS VirtualBox 12/01/2006
[    0.000000] Hypervisor detected: KVM
[    0.000000] e820: last_pfn = 0x120000 max_arch_pfn = 0x400000000
[    0.000000] MTRR: Disabled
[    0.000000] x86/PAT: MTRRs disabled, skipping PAT initialization too.
[    0.000000] CPU MTRRs all blank - virtualized system.
[    0.000000] x86/PAT: Configuration [0-7]: WB  WT  UC- UC  WB  WT  UC- UC  
[    0.000000] e820: last_pfn = 0xdfff0 max_arch_pfn = 0x400000000
[    0.000000] found SMP MP-table at [mem 0x0009fff0-0x0009ffff] mapped at [        (ptrval)]
[    0.000000] Scanning 1 areas for low memory corruption
[    0.000000] RAMDISK: [mem 0x35ae5000-0x36d69fff]
[    0.000000] ACPI: Early table checksum verification disabled
[    0.000000] ACPI: RSDP 0x00000000000E0000 000024 (v02 VBOX  )
[    0.000000] ACPI: XSDT 0x00000000DFFF0030 00003C (v01 VBOX   VBOXXSDT 00000001 ASL  00000061)
[    0.000000] ACPI: FACP 0x00000000DFFF00F0 0000F4 (v04 VBOX   VBOXFACP 00000001 ASL  00000061)
[    0.000000] ACPI: DSDT 0x00000000DFFF0470 0021FF (v02 VBOX   VBOXBIOS 00000002 INTL 20100528)
[    0.000000] ACPI: FACS 0x00000000DFFF0200 000040
[    0.000000] ACPI: FACS 0x00000000DFFF0200 000040
[    0.000000] ACPI: APIC 0x00000000DFFF0240 00005C (v02 VBOX   VBOXAPIC 00000001 ASL  00000061)
[    0.000000] ACPI: SSDT 0x00000000DFFF02A0 0001CC (v01 VBOX   VBOXCPUT 00000002 INTL 20100528)
[    0.000000] No NUMA configuration found
[    0.000000] Faking a node at [mem 0x0000000000000000-0x000000011fffffff]
[    0.000000] NODE_DATA(0) allocated [mem 0x11ffd5000-0x11fffffff]
[    0.000000] kvm-clock: cpu 0, msr 1:1ff54001, primary cpu clock
[    0.000000] kvm-clock: Using msrs 4b564d01 and 4b564d00
[    0.000000] kvm-clock: using sched offset of 3621749150 cycles
[    0.000000] clocksource: kvm-clock: mask: 0xffffffffffffffff max_cycles: 0x1cd42e4dffb, max_idle_ns: 881590591483 ns
[    0.000000] Zone ranges:
[    0.000000]   DMA      [mem 0x0000000000001000-0x0000000000ffffff]
[    0.000000]   DMA32    [mem 0x0000000001000000-0x00000000ffffffff]
[    0.000000]   Normal   [mem 0x0000000100000000-0x000000011fffffff]
[    0.000000]   Device   empty
[    0.000000] Movable zone start for each node
[    0.000000] Early memory node ranges
[    0.000000]   node   0: [mem 0x0000000000001000-0x000000000009efff]
[    0.000000]   node   0: [mem 0x0000000000100000-0x00000000dffeffff]
[    0.000000]   node   0: [mem 0x0000000100000000-0x000000011fffffff]
[    0.000000] Initmem setup node 0 [mem 0x0000000000001000-0x000000011fffffff]
[    0.000000] Reserved but unavailable: 98 pages
[    0.000000] ACPI: PM-Timer IO Port: 0x4008
[    0.000000] IOAPIC[0]: apic_id 2, version 32, address 0xfec00000, GSI 0-23
[    0.000000] ACPI: INT_SRC_OVR (bus 0 bus_irq 0 global_irq 2 dfl dfl)
[    0.000000] ACPI: INT_SRC_OVR (bus 0 bus_irq 9 global_irq 9 low level)
[    0.000000] Using ACPI (MADT) for SMP configuration information
[    0.000000] smpboot: Allowing 2 CPUs, 0 hotplug CPUs
[    0.000000] PM: Registered nosave memory: [mem 0x00000000-0x00000fff]
[    0.000000] PM: Registered nosave memory: [mem 0x0009f000-0x0009ffff]
[    0.000000] PM: Registered nosave memory: [mem 0x000a0000-0x000effff]
[    0.000000] PM: Registered nosave memory: [mem 0x000f0000-0x000fffff]
[    0.000000] PM: Registered nosave memory: [mem 0xdfff0000-0xdfffffff]
[    0.000000] PM: Registered nosave memory: [mem 0xe0000000-0xfebfffff]
[    0.000000] PM: Registered nosave memory: [mem 0xfec00000-0xfec00fff]
[    0.000000] PM: Registered nosave memory: [mem 0xfec01000-0xfedfffff]
[    0.000000] PM: Registered nosave memory: [mem 0xfee00000-0xfee00fff]
[    0.000000] PM: Registered nosave memory: [mem 0xfee01000-0xfffbffff]
[    0.000000] PM: Registered nosave memory: [mem 0xfffc0000-0xffffffff]
[    0.000000] e820: [mem 0xe0000000-0xfebfffff] available for PCI devices
[    0.000000] Booting paravirtualized kernel on KVM
[    0.000000] clocksource: refined-jiffies: mask: 0xffffffff max_cycles: 0xffffffff, max_idle_ns: 7645519600211568 ns
[    0.000000] random: get_random_bytes called from start_kernel+0x99/0x4fd with crng_init=0
[    0.000000] setup_percpu: NR_CPUS:8192 nr_cpumask_bits:2 nr_cpu_ids:2 nr_node_ids:1
[    0.000000] percpu: Embedded 46 pages/cpu @        (ptrval) s151552 r8192 d28672 u1048576
[    0.000000] PV qspinlock hash table entries: 256 (order: 0, 4096 bytes)
[    0.000000] Built 1 zonelists, mobility grouping on.  Total pages: 1032057
[    0.000000] Policy zone: Normal
[    0.000000] Kernel command line: BOOT_IMAGE=/boot/vmlinuz-4.15.0-42-generic root=LABEL=cloudimg-rootfs ro console=tty1 console=ttyS0
[    0.000000] Memory: 4014244K/4193848K available (12300K kernel code, 2472K rwdata, 4252K rodata, 2408K init, 2416K bss, 179604K reserved, 0K cma-reserved)
[    0.000000] SLUB: HWalign=64, Order=0-3, MinObjects=0, CPUs=2, Nodes=1
[    0.000000] Kernel/User page tables isolation: enabled
[    0.000000] ftrace: allocating 39186 entries in 154 pages
[    0.004000] Hierarchical RCU implementation.
[    0.004000] 	RCU restricting CPUs from NR_CPUS=8192 to nr_cpu_ids=2.
[    0.004000] 	Tasks RCU enabled.
[    0.004000] RCU: Adjusting geometry for rcu_fanout_leaf=16, nr_cpu_ids=2
[    0.004000] NR_IRQS: 524544, nr_irqs: 440, preallocated irqs: 16
[    0.004000] Console: colour VGA+ 80x25
[    0.004000] console [tty1] enabled
[    0.004000] console [ttyS0] enabled
[    0.004000] ACPI: Core revision 20170831
[    0.004000] ACPI: 2 ACPI AML tables successfully acquired and loaded
[    0.004000] APIC: Switch to symmetric I/O mode setup
[    0.004000] x2apic enabled
[    0.004000] Switched APIC routing to physical x2apic.
[    0.004000] ..TIMER: vector=0x30 apic1=0 pin1=2 apic2=-1 pin2=-1
[    0.004004] tsc: Detected 3392.294 MHz processor
[    0.004739] Calibrating delay loop (skipped) preset value.. 6784.58 BogoMIPS (lpj=13569176)
[    0.005330] pid_max: default: 32768 minimum: 301
[    0.006093] Security Framework initialized
[    0.006760] Yama: becoming mindful.
[    0.008021] AppArmor: AppArmor initialized
[    0.016116] Dentry cache hash table entries: 524288 (order: 10, 4194304 bytes)
[    0.024000] Inode-cache hash table entries: 262144 (order: 9, 2097152 bytes)
[    0.024060] Mount-cache hash table entries: 8192 (order: 4, 65536 bytes)
[    0.025621] Mountpoint-cache hash table entries: 8192 (order: 4, 65536 bytes)
[    0.027202] mce: CPU supports 0 MCE banks
[    0.028020] Last level iTLB entries: 4KB 512, 2MB 8, 4MB 8
[    0.029134] Last level dTLB entries: 4KB 512, 2MB 32, 4MB 32, 1GB 0
[    0.030480] Spectre V2 : Mitigation: Full generic retpoline
[    0.031667] Spectre V2 : Spectre v2 / SpectreRSB mitigation: Filling RSB on context switch
[    0.032008] Speculative Store Bypass: Vulnerable
[    0.033222] Freeing SMP alternatives memory: 36K
[    0.040000] smpboot: CPU0: Intel(R) Core(TM) i7-2600 CPU @ 3.40GHz (family: 0x6, model: 0x2a, stepping: 0x7)
[    0.040000] Performance Events: unsupported p6 CPU model 42 no PMU driver, software events only.
[    0.040000] Hierarchical SRCU implementation.
[    0.040493] NMI watchdog: Perf event create on CPU 0 failed with -2
[    0.041461] NMI watchdog: Perf NMI watchdog permanently disabled
[    0.042436] smp: Bringing up secondary CPUs ...
[    0.048116] x86: Booting SMP configuration:
[    0.049289] .... node  #0, CPUs:      #1
[    0.004000] kvm-clock: cpu 1, msr 1:1ff54041, secondary cpu clock
[    0.004000] mce: CPU supports 0 MCE banks
[    0.056024] smp: Brought up 1 node, 2 CPUs
[    0.056711] smpboot: Max logical packages: 1
[    0.057401] smpboot: Total of 2 processors activated (13569.17 BogoMIPS)
[    0.060196] devtmpfs: initialized
[    0.060629] x86/mm: Memory block size: 128MB
[    0.061619] evm: security.selinux
[    0.062202] evm: security.SMACK64
[    0.062756] evm: security.SMACK64EXEC
[    0.063363] evm: security.SMACK64TRANSMUTE
[    0.064003] evm: security.SMACK64MMAP
[    0.064612] evm: security.apparmor
[    0.065232] evm: security.ima
[    0.065773] evm: security.capability
[    0.066532] clocksource: jiffies: mask: 0xffffffff max_cycles: 0xffffffff, max_idle_ns: 7645041785100000 ns
[    0.068051] futex hash table entries: 512 (order: 3, 32768 bytes)
[    0.069109] pinctrl core: initialized pinctrl subsystem
[    0.070134] RTC time: 18:38:51, date: 01/14/19
[    0.072072] NET: Registered protocol family 16
[    0.072852] audit: initializing netlink subsys (disabled)
[    0.073782] audit: type=2000 audit(1547491135.990:1): state=initialized audit_enabled=0 res=1
[    0.073782] cpuidle: using governor ladder
[    0.076008] cpuidle: using governor menu
[    0.076680] ACPI: bus type PCI registered
[    0.077346] acpiphp: ACPI Hot Plug PCI Controller Driver version: 0.5
[    0.078425] PCI: Using configuration type 1 for base access
[    0.080454] HugeTLB registered 2.00 MiB page size, pre-allocated 0 pages
[    0.081073] ACPI: Added _OSI(Module Device)
[    0.081073] ACPI: Added _OSI(Processor Device)
[    0.081927] ACPI: Added _OSI(3.0 _SCP Extensions)
[    0.084009] ACPI: Added _OSI(Processor Aggregator Device)
[    0.084890] ACPI: Added _OSI(Linux-Dell-Video)
[    0.085632] ACPI: Added _OSI(Linux-Lenovo-NV-HDMI-Audio)
[    0.086764] ACPI: Executed 1 blocks of module-level executable AML code
[    0.092384] ACPI: Interpreter enabled
[    0.093056] ACPI: (supports S0 S5)
[    0.093710] ACPI: Using IOAPIC for interrupt routing
[    0.095124] PCI: Using host bridge windows from ACPI; if necessary, use "pci=nocrs" and report a bug
[    0.096175] ACPI: Enabled 2 GPEs in block 00 to 07
[    0.103717] ACPI: PCI Root Bridge [PCI0] (domain 0000 [bus 00-ff])
[    0.104011] acpi PNP0A03:00: _OSC: OS supports [ASPM ClockPM Segments MSI]
[    0.105104] acpi PNP0A03:00: _OSC: not requesting OS control; OS requires [ExtendedConfig ASPM ClockPM MSI]
[    0.106628] acpi PNP0A03:00: fail to add MMCONFIG information, can't access extended PCI configuration space under this bridge.
[    0.108357] PCI host bridge to bus 0000:00
[    0.109032] pci_bus 0000:00: root bus resource [io  0x0000-0x0cf7 window]
[    0.110685] pci_bus 0000:00: root bus resource [io  0x0d00-0xffff window]
[    0.112003] pci_bus 0000:00: root bus resource [mem 0x000a0000-0x000bffff window]
[    0.113177] pci_bus 0000:00: root bus resource [mem 0xe0000000-0xfdffffff window]
[    0.114382] pci_bus 0000:00: root bus resource [bus 00-ff]
[    0.118112] pci 0000:00:01.1: legacy IDE quirk: reg 0x10: [io  0x01f0-0x01f7]
[    0.120008] pci 0000:00:01.1: legacy IDE quirk: reg 0x14: [io  0x03f6]
[    0.121132] pci 0000:00:01.1: legacy IDE quirk: reg 0x18: [io  0x0170-0x0177]
[    0.122281] pci 0000:00:01.1: legacy IDE quirk: reg 0x1c: [io  0x0376]
[    0.221169] pci 0000:00:07.0: quirk: [io  0x4000-0x403f] claimed by PIIX4 ACPI
[    0.222930] pci 0000:00:07.0: quirk: [io  0x4100-0x410f] claimed by PIIX4 SMB
[    0.257260] ACPI: PCI Interrupt Link [LNKA] (IRQs 5 9 10 *11)
[    0.258637] ACPI: PCI Interrupt Link [LNKB] (IRQs 5 9 *10 11)
[    0.259811] ACPI: PCI Interrupt Link [LNKC] (IRQs 5 *9 10 11)
[    0.260160] ACPI: PCI Interrupt Link [LNKD] (IRQs 5 9 10 *11)
[    0.262017] SCSI subsystem initialized
[    0.264117] pci 0000:00:02.0: vgaarb: setting as boot VGA device
[    0.266290] pci 0000:00:02.0: vgaarb: VGA device added: decodes=io+mem,owns=io+mem,locks=none
[    0.272024] pci 0000:00:02.0: vgaarb: bridge control possible
[    0.273085] vgaarb: loaded
[    0.276007] ACPI: bus type USB registered
[    0.276007] usbcore: registered new interface driver usbfs
[    0.276007] usbcore: registered new interface driver hub
[    0.276058] usbcore: registered new device driver usb
[    0.276984] EDAC MC: Ver: 3.0.0
[    0.280044] PCI: Using ACPI for IRQ routing
[    0.281028] NetLabel: Initializing
[    0.281028] NetLabel:  domain hash size = 128
[    0.288013] NetLabel:  protocols = UNLABELED CIPSOv4 CALIPSO
[    0.288035] NetLabel:  unlabeled traffic allowed by default
[    0.292076] clocksource: Switched to clocksource kvm-clock
[    0.328232] VFS: Disk quotas dquot_6.6.0
[    0.329013] VFS: Dquot-cache hash table entries: 512 (order 0, 4096 bytes)
[    0.330220] AppArmor: AppArmor Filesystem Enabled
[    0.331076] pnp: PnP ACPI init
[    0.332827] pnp: PnP ACPI: found 3 devices
[    0.340101] clocksource: acpi_pm: mask: 0xffffff max_cycles: 0xffffff, max_idle_ns: 2085701024 ns
[    0.341658] NET: Registered protocol family 2
[    0.342604] TCP established hash table entries: 32768 (order: 6, 262144 bytes)
[    0.343877] TCP bind hash table entries: 32768 (order: 7, 524288 bytes)
[    0.345118] TCP: Hash tables configured (established 32768 bind 32768)
[    0.346198] UDP hash table entries: 2048 (order: 4, 65536 bytes)
[    0.347252] UDP-Lite hash table entries: 2048 (order: 4, 65536 bytes)
[    0.348421] NET: Registered protocol family 1
[    0.349288] pci 0000:00:00.0: Limiting direct PCI/PCI transfers
[    0.350837] pci 0000:00:01.0: Activating ISA DMA hang workarounds
[    0.351942] pci 0000:00:02.0: Video device with shadowed ROM at [mem 0x000c0000-0x000dffff]
[    0.355375] Unpacking initramfs...
[    0.804982] Freeing initrd memory: 18964K
[    0.805779] PCI-DMA: Using software bounce buffering for IO (SWIOTLB)
[    0.806964] software IO TLB [mem 0xdbff0000-0xdfff0000] (64MB) mapped at [        (ptrval)-        (ptrval)]
[    0.808645] platform rtc_cmos: registered platform RTC device (no PNP device found)
[    0.812246] Scanning for low memory corruption every 60 seconds
[    0.813887] Initialise system trusted keyrings
[    0.814644] Key type blacklist registered
[    0.815378] workingset: timestamp_bits=36 max_order=20 bucket_order=0
[    0.817453] zbud: loaded
[    0.825440] squashfs: version 4.0 (2009/01/31) Phillip Lougher
[    0.826606] fuse init (API version 7.26)
[    0.830486] Key type asymmetric registered
[    0.831177] Asymmetric key parser 'x509' registered
[    0.831994] Block layer SCSI generic (bsg) driver version 0.4 loaded (major 246)
[    0.839021] io scheduler noop registered
[    0.839716] io scheduler deadline registered
[    0.840653] io scheduler cfq registered (default)
[    0.842043] ACPI: AC Adapter [AC] (on-line)
[    0.842780] input: Power Button as /devices/LNXSYSTM:00/LNXPWRBN:00/input/input0
[    0.844044] ACPI: Power Button [PWRF]
[    0.844795] input: Sleep Button as /devices/LNXSYSTM:00/LNXSLPBN:00/input/input1
[    0.846004] ACPI: Sleep Button [SLPF]
[    0.847051] Serial: 8250/16550 driver, 32 ports, IRQ sharing enabled
[    0.870818] 00:02: ttyS0 at I/O 0x3f8 (irq = 4, base_baud = 115200) is a 16550A
[    0.874805] Linux agpgart interface v0.103
[    0.884701] loop: module loaded
[    0.885873] scsi host0: ata_piix
[    0.886533] scsi host1: ata_piix
[    0.887115] ata1: PATA max UDMA/33 cmd 0x1f0 ctl 0x3f6 bmdma 0xd000 irq 14
[    0.888193] ata2: PATA max UDMA/33 cmd 0x170 ctl 0x376 bmdma 0xd008 irq 15
[    0.889437] libphy: Fixed MDIO Bus: probed
[    0.890145] tun: Universal TUN/TAP device driver, 1.6
[    0.891190] PPP generic driver version 2.4.2
[    0.892116] ehci_hcd: USB 2.0 'Enhanced' Host Controller (EHCI) Driver
[    0.893120] ehci-pci: EHCI PCI platform driver
[    0.894039] ehci-platform: EHCI generic platform driver
[    0.894935] ohci_hcd: USB 1.1 'Open' Host Controller (OHCI) Driver
[    0.896306] ohci-pci: OHCI PCI platform driver
[    0.897069] ohci-platform: OHCI generic platform driver
[    0.897909] uhci_hcd: USB Universal Host Controller Interface driver
[    0.898958] i8042: PNP: PS/2 Controller [PNP0303:PS2K,PNP0f03:PS2M] at 0x60,0x64 irq 1,12
[    0.903380] serio: i8042 KBD port at 0x60,0x64 irq 1
[    0.904741] serio: i8042 AUX port at 0x60,0x64 irq 12
[    0.905846] mousedev: PS/2 mouse device common for all mice
[    0.910749] input: AT Translated Set 2 keyboard as /devices/platform/i8042/serio0/input/input2
[    0.912461] rtc_cmos rtc_cmos: rtc core: registered rtc_cmos as rtc0
[    0.913563] rtc_cmos rtc_cmos: alarms up to one day, 114 bytes nvram
[    0.914591] i2c /dev entries driver
[    0.915242] pcie_mp2_amd: AMD(R) PCI-E MP2 Communication Driver Version: 1.0
[    0.916517] device-mapper: uevent: version 1.0.3
[    0.917629] device-mapper: ioctl: 4.37.0-ioctl (2017-09-20) initialised: dm-devel@redhat.com
[    0.919525] ledtrig-cpu: registered to indicate activity on CPUs
[    0.920979] NET: Registered protocol family 10
[    0.925745] Segment Routing with IPv6
[    0.926442] NET: Registered protocol family 17
[    0.929190] Key type dns_resolver registered
[    0.930100] RAS: Correctable Errors collector initialized.
[    0.931145] sched_clock: Marking stable (930067979, 0)->(1504642264, -574574285)
[    0.932978] registered taskstats version 1
[    0.933871] Loading compiled-in X.509 certificates
[    0.938037] Loaded X.509 cert 'Build time autogenerated kernel key: 1663f0131deec003b89e364b3e1eacfdeb38eccf'
[    0.940224] zswap: loaded using pool lzo/zbud
[    0.944600] Key type big_key registered
[    0.945401] Key type trusted registered
[    0.947735] Key type encrypted registered
[    0.948547] AppArmor: AppArmor sha1 policy hashing enabled
[    0.949807] ima: No TPM chip found, activating TPM-bypass! (rc=-19)
[    0.951261] ima: Allocated hash algorithm: sha1
[    0.952334] evm: HMAC attrs: 0x1
[    0.953249]   Magic number: 3:511:645
[    0.954026] rtc_cmos rtc_cmos: setting system clock to 2019-01-14 18:38:52 UTC (1547491132)
[    0.955648] BIOS EDD facility v0.16 2004-Jun-25, 0 devices found
[    0.956654] EDD information not available.
[    1.051014] Freeing unused kernel memory: 2408K
[    1.083133] Write protecting the kernel read-only data: 20480k
[    1.667371] Freeing unused kernel memory: 2008K
[    1.673012] Freeing unused kernel memory: 1892K
[    1.682006] x86/mm: Checked W+X mappings: passed, no W+X pages found.
[    1.684730] x86/mm: Checking user space page tables
[    1.694892] x86/mm: Checked W+X mappings: passed, no W+X pages found.
Loading, please wait...
starting version 237
[    1.791104] e1000: Intel(R) PRO/1000 Network Driver - version 7.3.21-k8-NAPI
[    1.792308] e1000: Copyright (c) 1999-2006 Intel Corporation.
[    1.796019] Fusion MPT base driver 3.04.20
[    1.796759] Copyright (c) 1999-2008 LSI Corporation
[    1.822122] tsc: Refined TSC clocksource calibration: 3392.505 MHz
[    1.823187] clocksource: tsc: mask: 0xffffffffffffffff max_cycles: 0x30e6a666ac1, max_idle_ns: 440795286937 ns
[    1.835623] Fusion MPT SPI Host driver 3.04.20
[    1.851907] AVX version of gcm_enc/dec engaged.
[    1.860550] AES CTR mode by8 optimization enabled
[    2.033625] input: ImExPS/2 Generic Explorer Mouse as /devices/platform/i8042/serio1/input/input4
[    2.241604] e1000 0000:00:03.0 eth0: (PCI:33MHz:32-bit) 02:b3:4a:7a:21:f1
[    2.242740] e1000 0000:00:03.0 eth0: Intel(R) PRO/1000 Network Connection
[    2.245575] e1000 0000:00:03.0 enp0s3: renamed from eth0
[    2.246549] mptbase: ioc0: Initiating bringup
[    2.356884] ioc0: LSI53C1030 A0: Capabilities={Initiator}
[    2.598012] scsi host2: ioc0: LSI53C1030 A0, FwRev=00000000h, Ports=1, MaxQ=256, IRQ=20
[    2.773215] scsi 2:0:0:0: Direct-Access     VBOX     HARDDISK         1.0  PQ: 0 ANSI: 5
[    2.820553] scsi target2:0:0: Beginning Domain Validation
[    2.822171] scsi target2:0:0: Domain Validation skipping write tests
[    2.823176] scsi target2:0:0: Ending Domain Validation
[    2.824087] scsi target2:0:0: asynchronous
[    2.830037] scsi 2:0:1:0: Direct-Access     VBOX     HARDDISK         1.0  PQ: 0 ANSI: 5
[    2.860516] scsi target2:0:1: Beginning Domain Validation
[    2.861961] random: fast init done
[    2.862769] scsi target2:0:1: Domain Validation skipping write tests
[    2.863787] scsi target2:0:1: Ending Domain Validation
[    2.864807] scsi target2:0:1: asynchronous
[    2.869775] random: systemd-udevd: uninitialized urandom read (16 bytes read)
[    2.870026] sd 2:0:0:0: [sda] 20971520 512-byte logical blocks: (10.7 GB/10.0 GiB)
[    2.870073] sd 2:0:0:0: Attached scsi generic sg0 type 0
[    2.870077] sd 2:0:0:0: [sda] Write Protect is off
[    2.870170] sd 2:0:0:0: [sda] Incomplete mode parameter data
[    2.870171] sd 2:0:0:0: [sda] Assuming drive cache: write through
[    2.870844] sd 2:0:1:0: Attached scsi generic sg1 type 0
[    2.871060]  sda: sda1
[    2.871272] sd 2:0:1:0: [sdb] 20480 512-byte logical blocks: (10.5 MB/10.0 MiB)
[    2.871312] sd 2:0:1:0: [sdb] Write Protect is off
[    2.871392] sd 2:0:1:0: [sdb] Incomplete mode parameter data
[    2.871393] sd 2:0:1:0: [sdb] Assuming drive cache: write through
[    2.871589] sd 2:0:0:0: [sda] Attached SCSI disk
[    2.873391] sd 2:0:1:0: [sdb] Attached SCSI disk
[    2.909433] random: systemd-udevd: uninitialized urandom read (16 bytes read)
[    2.911273] random: systemd-udevd: uninitialized urandom read (16 bytes read)
Begin: Loading essential drivers ... [    4.376324] raid6: sse2x1   gen()  9095 MB/s
[    4.424614] raid6: sse2x1   xor()  6926 MB/s
[    4.472487] raid6: sse2x2   gen() 11714 MB/s
[    4.520792] raid6: sse2x2   xor()  7983 MB/s
[    4.568169] raid6: sse2x4   gen() 10349 MB/s
[    4.632089] raid6: sse2x4   xor()  8989 MB/s
[    4.632843] raid6: using algorithm sse2x2 gen() 11714 MB/s
[    4.633764] raid6: .... xor() 7983 MB/s, rmw enabled
[    4.634749] raid6: using ssse3x2 recovery algorithm
[    4.643446] xor: automatically using best checksumming function   avx       
[    4.646349] async_tx: api initialized (async)
done.
Begin: Running /scripts/init-premount ... done.
Begin: Mounting root file system ... Begin: Running /scripts/local-top ... done.
Begin: Running /scripts/local-premount ... [    4.704928] Btrfs loaded, crc32c=crc32c-intel
Scanning for Btrfs filesystems
done.
Warning: fsck not present, so skipping root file system
[    4.989816] EXT4-fs (sda1): mounted filesystem with ordered data mode. Opts: (null)
done.
Begin: Running /scripts/local-bottom ... done.
Begin: Running /scripts/init-bottom ... done.
[    5.191664] ip_tables: (C) 2000-2006 Netfilter Core Team
[    5.205664] systemd[1]: systemd 237 running in system mode. (+PAM +AUDIT +SELINUX +IMA +APPARMOR +SMACK +SYSVINIT +UTMP +LIBCRYPTSETUP +GCRYPT +GNUTLS +ACL +XZ +LZ4 +SECCOMP +BLKID +ELFUTILS +KMOD -IDN2 +IDN -PCRE2 default-hierarchy=hybrid)
[    5.222133] systemd[1]: Detected virtualization oracle.
[    5.225507] systemd[1]: Detected architecture x86-64.

Welcome to [1mUbuntu 18.04.1 LTS[0m!

[    5.252922] systemd[1]: Set hostname to <ubuntu>.
[    5.260978] systemd[1]: Initializing machine ID from random generator.
[    5.263050] systemd[1]: Installed transient /etc/machine-id file.
[    5.747459] systemd[1]: Created slice System Slice.
[[0;32m  OK  [0m] Created slice System Slice.
[    5.754806] systemd[1]: Listening on udev Control Socket.
[[0;32m  OK  [0m] Listening on udev Control Socket.
[    5.759134] systemd[1]: Created slice system-serial\x2dgetty.slice.
[[0;32m  OK  [0m] Created slice system-serial\x2dgetty.slice.
[    5.763910] systemd[1]: Listening on /dev/initctl Compatibility Named Pipe.
[[0;32m  OK  [0m] Listening on /dev/initctl Compatibility Named Pipe.
[[0;32m  OK  [0m] Listening on Network Service Netlink Socket.
[[0;32m  OK  [0m] Reached target Swap.
[[0;32m  OK  [0m] Listening on Journal Socket.
         Starting Remount Root and Kernel File Systems...
         Mounting Kernel Debug File System...
         Starting Load Kernel Modules...
         [    5.823155] Loading iSCSI transport class v2.0-870.
Mounting Huge Pages File System...
[[0;32m  OK  [0m] Listening on Syslog Socket.
         Mounting POSIX Message Queue File System...
[[0;32m  OK  [0m] Listening on LVM2 metadata daemon socket.
[[0;32m  OK  [0m] Listening on[    5.874133] iscsi: registered transport (tcp)
 Journal Audit Socket.
[[0;32m  OK  [0m] Reached target User and Group Name Lookups.
[[0;32m  OK  [0m] Created slice User and Session Slice.
[[0;32m  OK  [0m] Started Forward Password Requests to Wall Directory Watch.
         Starting Create list of required st…ce nodes for the current kernel...
[[0;32m  OK  [0m] Listening on LVM2 poll daemon socket.
[[0;32m  OK  [0m] Set up automount Arbitrary Executab…rmats File System Automount Point.
[[0;32m  OK  [0m] Reached target System Time Synchronized.
         Starting Uncomplicated firewall...
[[0;32m  OK  [0m] Listening on Journal Socket (/dev/log).
         Starting Journal[    5.994035] iscsi: registered transport (iser)
 Service...
[[0;32m  OK  [0m] Reached target Slices.
[[0;32m  OK  [0m] Listening on Device-mapper event daemon FIFOs.
[    6.038858] EXT4-fs (sda1): re-mounted. Opts: (null)
         Starting Monitoring of LVM2 mirrors…ng dmeventd or progress polling...
[[0;32m  OK  [0m] Listening on udev Kernel Socket.
         Starting udev Coldplug all Devices...
         Starting Set the console keyboard layout...
[[0;32m  OK  [0m] Started Remount Root and Kernel File Systems.
[[0;32m  OK  [0m] Mounted Kernel Debug File System.
[[0;32m  OK  [0m] Started Load Kernel Modules.
[[0;32m  OK  [0m] Started Journal Service.
[[0;32m  OK  [0m] Mounted Huge Pages File System.
[[0;32m  OK  [0m] Mounted POSIX Message Queue File System.
[[0;32m  OK  [0m] Started Create list of required sta…vice nodes for the current kernel.
[[0;32m  OK  [0m] Started Uncomplicated firewall.
[[0;32m  OK  [0m] Started LVM2 metadata daemon.
         Starting Create Static Device Nodes in /dev...
         Mounting Kernel Configuration File System...
         Starting Apply Kernel Variables...
         Mounting FUSE Control File System...
         Starting Load/Save Random Seed...
         Starting Initial cloud-init job (pre-networking)...
         Starting Flush Journal to Persistent Storage...
[[0;32m  OK  [0m] Started Monitoring of LVM2 mirrors,…sing dmeventd or progress polling.
[[0;32m  OK  [0m] Mounted Kernel Configuration File System.
[[0;32m  OK  [0m] Mounted FUSE Control File System.
[[0;32m  OK  [0m] Started Create Static Device Nodes in /dev.
[[0;32m  OK  [0m] Started Load/Save Random Seed.
         Starting udev Kernel Device Manager...
[[0;32m  OK  [0m] Started Apply Kernel Variables.
[[0;32m  OK  [0m] Started udev Coldplug all Devices.
[[0;32m  OK  [0m] Started udev Kernel Device Manager.
[[0;32m  OK  [0m] Started Flush Journal to Persistent Storage.
[[0;32m  OK  [0m] Found device /dev/ttyS0.
[[0;32m  OK  [0m] Listening on Load/Save RF Kill Switch Status /dev/rfkill Watch.
[    9.528963] cloud-init[404]: Cloud-init v. 18.4-0ubuntu1~18.04.1 running 'init-local' at Mon, 14 Jan 2019 18:39:00 +0000. Up 8.99 seconds.
[[0;32m  OK  [0m] Started Set the console keyboard layout.
[[0;32m  OK  [0m] Started Dispatch Password Requests to Console Directory Watch.
[[0;32m  OK  [0m] Reached target Local Encrypted Volumes.
[[0;32m  OK  [0m] Reached target Local File Systems (Pre).
[[0;32m  OK  [0m] Reached target Local File Systems.
         Starting AppArmor initialization...
         Starting ebtables ruleset management...
         Starting Create Volatile Files and Directories...
         Starting Commit a transient machine-id on disk...
         Starting Tell Plymouth To Write Out Runtime Data...
         Starting Set console font and keymap...
[[0;32m  OK  [0m] Started Tell Plymouth To Write Out Runtime Data.
[[0;32m  OK  [0m] Started Create Volatile Files and Directories.
         Starting Update UTMP about System Boot/Shutdown...
[[0;32m  OK  [0m] Started Set console font and keymap.
[[0;32m  OK  [0m] Started Initial cloud-init job (pre-networking).
[[0;32m  OK  [0m] Started Update UTMP about System Boot/Shutdown.
[[0;32m  OK  [0m] Started Commit a transient machine-id on disk.
[[0;32m  OK  [0m] Started ebtables ruleset management.
[[0;32m  OK  [0m] Reached target Network (Pre).
         Starting Network Service...
[[0;32m  OK  [0m] Started Network Service.
         Starting Network Name Resolution...
         Starting Wait for Network to be Configured...
[[0;32m  OK  [0m] Started Network Name Resolution.
[[0;32m  OK  [0m] Reached target Network.
[[0;32m  OK  [0m] Reached target Host and Network Name Lookups.
[[0;32m  OK  [0m] Started AppArmor initialization.
[[0;32m  OK  [0m] Started Wait for Network to be Configured.
         Starting Initial cloud-init job (metadata service crawler)...
[   12.428253] cloud-init[675]: Cloud-init v. 18.4-0ubuntu1~18.04.1 running 'init' at Mon, 14 Jan 2019 18:39:03 +0000. Up 12.23 seconds.
[   12.430387] cloud-init[675]: ci-info: ++++++++++++++++++++++++++++++++++++++Net device info++++++++++++++++++++++++++++++++++++++
[   12.436419] cloud-init[675]: ci-info: +--------+------+----------------------------+---------------+--------+-------------------+
[   12.438589] cloud-init[675]: ci-info: | Device |  Up  |          Address           |      Mask     | Scope  |     Hw-Address    |
[   12.440512] cloud-init[675]: ci-info: +--------+------+----------------------------+---------------+--------+-------------------+
[   12.442800] cloud-init[675]: ci-info: | enp0s3 | True |         10.0.2.15          | 255.255.255.0 | global | 02:b3:4a:7a:21:f1 |
[   12.444709] cloud-init[675]: ci-info: | enp0s3 | True | fe80::b3:4aff:fe7a:21f1/64 |       .       |  link  | 02:b3:4a:7a:21:f1 |
[   12.446645] cloud-init[675]: ci-info: |   lo   | True |         127.0.0.1          |   255.0.0.0   |  host  |         .         |
[   12.448736] cloud-init[675]: ci-info: |   lo   | True |          ::1/128           |       .       |  host  |         .         |
[   12.450636] cloud-init[675]: ci-info: +--------+------+----------------------------+---------------+--------+-------------------+
[   12.452620] cloud-init[675]: ci-info: ++++++++++++++++++++++++++++Route IPv4 info+++++++++++++++++++++++++++++
[   12.454456] cloud-init[675]: ci-info: +-------+-------------+----------+-----------------+-----------+-------+
[   12.455930] cloud-init[675]: ci-info: | Route | Destination | Gateway  |     Genmask     | Interface | Flags |
[   12.457591] cloud-init[675]: ci-info: +-------+-------------+----------+-----------------+-----------+-------+
[   12.459327] cloud-init[675]: ci-info: |   0   |   0.0.0.0   | 10.0.2.2 |     0.0.0.0     |   enp0s3  |   UG  |
[   12.460938] cloud-init[675]: ci-info: |   1   |   10.0.2.0  | 0.0.0.0  |  255.255.255.0  |   enp0s3  |   U   |
[   12.462341] cloud-init[675]: ci-info: |   2   |   10.0.2.2  | 0.0.0.0  | 255.255.255.255 |   enp0s3  |   UH  |
[   12.463832] cloud-init[675]: ci-info: +-------+-------------+----------+-----------------+-----------+-------+
[   12.465584] cloud-init[675]: ci-info: +++++++++++++++++++Route IPv6 info+++++++++++++++++++
[   12.467136] cloud-init[675]: ci-info: +-------+-------------+---------+-----------+-------+
[   12.468704] cloud-init[675]: ci-info: | Route | Destination | Gateway | Interface | Flags |
[   12.496208] cloud-init[675]: ci-info: +-------+-------------+---------+-----------+-------+
[   12.497408] cloud-init[675]: ci-info: |   1   |  fe80::/64  |    ::   |   enp0s3  |   U   |
[   12.498937] cloud-init[675]: ci-info: |   3   |    local    |    ::   |   enp0s3  |   U   |
[   12.500549] cloud-init[675]: ci-info: |   4   |   ff00::/8  |    ::   |   enp0s3  |   U   |
[   12.502046] cloud-init[675]: ci-info: +-------+-------------+---------+-----------+-------+
[   13.261830] cloud-init[675]: Generating public/private rsa key pair.
[   13.263405] cloud-init[675]: Your identification has been saved in /etc/ssh/ssh_host_rsa_key.
[   13.270279] cloud-init[675]: Your public key has been saved in /etc/ssh/ssh_host_rsa_key.pub.
[   13.331477] cloud-init[675]: The key fingerprint is:
[[0;32m  OK  [0m] Started Initial cloud-init job (metadata service crawler).
[[0;32m  OK  [0m] Reached target Network is Online.
[   13.365931] cloud-init[675]: SHA256:7QHIs1PP/fHnSjCep69+mDyop67diemMVd1rpA9PJ7Y root@ubuntu-bionic
[[0;32m  OK  [0m] Reached target Remote File Systems (Pre).
[[0;32m  OK  [0m] Reached target Remote File Systems.
[   13.403474] cloud-init[675]: The key's randomart image is:
[   13.407163] cloud-init[675]: +---[RSA 2048]----+
[   13.408103] cloud-init[675]: |                 |
[   13.408799] cloud-init[675]: |     . .         |
[   13.409590] cloud-init[675]: |      + o        |
[   13.410427] cloud-init[675]: |       + = o .   |
         Starting Availability of block devices...
[[0;32m  OK  [0m] Reached target System Initialization.
[   13.413682] cloud-init[675]: |      o S * = +  |
[[0;32m  OK  [0m] Started ACPI Events Check.
[[0;32m  OK  [0m] Listening on ACPID Listen Socket.
[[0;32m  OK  [0m] Listening on Open-iSCSI iscsid Socket.
[   13.419558] cloud-init[675]: |       . o o B + |
[   13.445816] cloud-init[675]: |        . .o=oX +|
[[   13.446716] cloud-init[675]: |       = +o.=@.=.|
[   13.446865] cloud-init[675]: |      o+X+o.+=E..|
[0;32m  OK  [0m] Listening on UUID daemon activation socket.
[   13.447654] cloud-init[675]: +----[SHA256]-----+
[[   13.490382] cloud-init[675]: Generating public/private dsa key pair.
[   13.490517] cloud-init[675]: Your identification has been saved in /etc/ssh/ssh_host_dsa_key.
[   13.491275] cloud-init[675]: Your public key has been saved in /etc/ssh/ssh_host_dsa_key.pub.
[0;32m  OK  [0m] Reached target Paths.
[   13.492059] cloud-init[675]: The key fingerprint is:
[[   13.527501] cloud-init[675]: SHA256:QAIGc10w1e3yL9Jhh3eDz/Oc0CuVklmzgDB2Kf4rgsU root@ubuntu-bionic
[   13.527634] cloud-init[675]: The key's randomart image is:
[   13.528823] cloud-init[675]: +---[DSA 1024]----+
[   13.529161] cloud-init[675]: |o.+o+++. .  .    |
[   13.529938] cloud-init[675]: | +  .+  .=.o     |
[0;32m  OK  [0m] Started Daily Cleanup of Temporary Directories.
[   13.530633] cloud-init[675]: |      . o.= .    |
[   13.559757] cloud-init[675]: |       ..... . o |
[[   13.568646] cloud-init[675]: |      . So.. .= +|
[   13.568814] cloud-init[675]: |       E  =.++++ |
[   13.569051] cloud-init[675]: |      o  o =.=oo |
[   13.569292] cloud-init[675]: |     . ...o...=.o|
[   13.569514] cloud-init[675]: |        ....  .=o|
[   13.569748] cloud-init[675]: +----[SHA256]-----+
[   13.569978] cloud-init[675]: Generating public/private ecdsa key pair.
[   13.570210] cloud-init[675]: Your identification has been saved in /etc/ssh/ssh_host_ecdsa_key.
[   13.570669] cloud-init[675]: Your public key has been saved in /etc/ssh/ssh_host_ecdsa_key.pub.
[   13.570902] cloud-init[675]: The key fingerprint is:
[   13.571130] cloud-init[675]: SHA256:tJPgMAU3Gp5C2jQ+z8rJDKw6I9bE/akvzFsBJPBUbNA root@ubuntu-bionic
[   13.571853] cloud-init[675]: The key's randomart image is:
[   13.572716] cloud-init[675]: +---[ECDSA 256]---+
[   13.573443] cloud-init[675]: | .=+B++          |
[   13.573653] cloud-init[675]: | *oooE .         |
[   13.574380] cloud-init[675]: |. =.B.. .        |
[   13.575074] cloud-init[675]: |.  = +.o o       |
[   13.575345] cloud-init[675]: |... + ..S        |
[0;32m  OK  [0m] Started Daily apt download activities.
[   13.577057] cloud-init[675]: |.= = .  ..       |
[   13.620704] cloud-init[675]: |. O o ...        |
[[   13.621636] cloud-init[675]: |=. . +.o         |
[   13.621812] cloud-init[675]: |+o   o=.         |
[0;32m  OK  [0m] Started Daily apt upgrade and clean activities.
[   13.624486] cloud-init[675]: +----[SHA256]-----+
[   13.633522] cloud-init[675]: Generating public/private ed25519 key pair.
[   13.635130] cloud-init[675]: Your identification has been saved in /etc/ssh/ssh_host_ed25519_key.
[   13.637029] cloud-init[675]: Your public key has been saved in /etc/ssh/ssh_host_ed25519_key.pub.
[   13.638723] cloud-init[675]: The key fingerprint is:
[   13.639785] cloud-init[675]: SHA256:s1vUVEu7bn86wXVAv0VruZbJ0OvuJUUQ6zbxPtd60Vk root@ubuntu-bionic
[   13.641619] cloud-init[675]: The key's randomart image is:
[   13.647686] cloud-init[675]: +--[ED25519 256]--+
[   13.648755] cloud-init[675]: |             .*..|
[   13.649758] cloud-init[675]: |             ooBo|
         Starting LXD - unix socket.
[   13.652836] cloud-init[675]: |            ..=*+|
         [   13.662554] cloud-init[675]: |           o .+=E|
[   13.662786] cloud-init[675]: |        S . ..=XB|
[   13.663669] cloud-init[675]: |         +   o=*o|
[   13.663884] cloud-init[675]: |        . .   ++*|
Starting Socket activation for snappy daemon.
[   13.664624] [[0;32m  OK  [0m] Started Message of the Day.
[[0;32m  OK  [0m] Listening on D-Bus System Message Bus Socket.
[[0;32m  OK  [0m] Started Discard unused blocks once a week.
[[0;32m  OK  [0m] Reached target Timers.
[[0;32m  OK  [0m] Reached target Cloud-config availability.
[[0;32m  OK  [0m] Started Availability of block devices.
[[0;32m  OK  [0m] Listening on LXD - unix socket.
[[0;32m  OK  [0m] Listening on Socket activation for snappy daemon.
[[0;32m  OK  [0m] Reached target Sockets.
[[0;32m  OK  [0m] Reached target Basic System.
cloud-init[675]: |         o   .o+*|
[[0;32m  OK  [0m] Started Unattended Upgrades Shutdown.
[   13.738531] cloud-init[675]: [[0;32m  OK  [0m] Started Deferred execution scheduler.
         Starting Accounts Service...
|        .     +*o|
[   13.743023] cloud-init[675]: +----[SHA256]-----+
         Starting Dispatcher daemon for systemd-networkd...
         Starting LSB: Record successful boot for GRUB...
[[0;32m  OK  [0m] Started irqbalance daemon.
         Starting Login Service...
         Starting System Logging Service...
         Starting Snappy daemon...
[[0;32m  OK  [0m] Started D-Bus System Message Bus.
         Starting Virtualbox guest utils...
         Starting Permit User Sessions...
         Starting LSB: automatic crash report generation...
         Starting Pollinate to seed the pseudo random number generator...
[[0;32m  OK  [0m] Started FUSE filesystem for LXC.
[[0;32m  OK  [0m] Started Regular background program processing daemon.
         Starting LXD - container startup/shutdown...
[[0;32m  OK  [0m] Started System Logging Service.
[[0;32m  OK  [0m] Started Permit User Sessions.
[[0;32m  OK  [0m] Started Login Service.
         Starting Authorization Manager...
         Starting Terminate Plymouth Boot Screen...
         Starting Hold until boot process finishes up...
[[0;32m  OK  [0m] Started Terminate Plymouth Boot Screen.
[[0;32m  OK  [0m] Started Hold until boot process finishes up.
         Starting Set console scheme...
[[0;32m  OK  [0m] Started Serial Getty on ttyS0.
[[0;32m  OK  [0m] Started Dispatcher daemon for systemd-networkd.
[[0;32m  OK  [0m] Started Authorization Manager.
[[0;32m  OK  [0m] Started Accounts Service.
[[0;32m  OK  [0m] Started Set console scheme.
[[0;32m  OK  [0m] Created slice system-getty.slice.
[[0;32m  OK  [0m] Started Getty on tty1.
[[0;32m  OK  [0m] Reached target Login Prompts.
[[0;32m  OK  [0m] Started LSB: automatic crash report generation.
[[0;32m  OK  [0m] Started LSB: Record successful boot for GRUB.
[[0;32m  OK  [0m] Started Virtualbox guest utils.
[[0;32m  OK  [0m] Started LXD - container startup/shutdown.
[[0;32m  OK  [0m] Started Snappy daemon.
         Starting Wait until snapd is fully seeded...
[[0;32m  OK  [0m] Started Pollinate to seed the pseudo random number generator.
         Starting OpenBSD Secure Shell server...
[[0;32m  OK  [0m] Started OpenBSD Secure Shell server.
[[0;32m  OK  [0m] Created slice User Slice of vagrant.
         Starting User Manager for UID 1000...
[[0;32m  OK  [0m] Started Session 1 of user vagrant.
[[0;32m  OK  [0m] Started User Manager for UID 1000.
[[0;32m  OK  [0m] Started Wait until snapd is fully seeded.
[[0;32m  OK  [0m] Reached target Multi-User System.
[[0;32m  OK  [0m] Reached target Graphical Interface.
         Starting Update UTMP about System Runlevel Changes...
         Starting Apply the settings specified in cloud-config...
[[0;32m  OK  [0m] Started Update UTMP about System Runlevel Changes.
[   19.806283] cloud-init[1276]: Cloud-init v. 18.4-0ubuntu1~18.04.1 running 'modules:config' at Mon, 14 Jan 2019 18:39:10 +0000. Up 19.36 seconds.

Ubuntu 18.04.1 LTS ubuntu-bionic ttyS0

ubuntu-bionic login: ci-info: no authorized ssh keys fingerprints found for user ubuntu.
<14>Jan 14 18:39:12 ec2: 
<14>Jan 14 18:39:12 ec2: #############################################################
<14>Jan 14 18:39:12 ec2: -----BEGIN SSH HOST KEY FINGERPRINTS-----
<14>Jan 14 18:39:12 ec2: 1024 SHA256:QAIGc10w1e3yL9Jhh3eDz/Oc0CuVklmzgDB2Kf4rgsU root@ubuntu-bionic (DSA)
<14>Jan 14 18:39:12 ec2: 256 SHA256:tJPgMAU3Gp5C2jQ+z8rJDKw6I9bE/akvzFsBJPBUbNA root@ubuntu-bionic (ECDSA)
<14>Jan 14 18:39:12 ec2: 256 SHA256:s1vUVEu7bn86wXVAv0VruZbJ0OvuJUUQ6zbxPtd60Vk root@ubuntu-bionic (ED25519)
<14>Jan 14 18:39:12 ec2: 2048 SHA256:7QHIs1PP/fHnSjCep69+mDyop67diemMVd1rpA9PJ7Y root@ubuntu-bionic (RSA)
<14>Jan 14 18:39:12 ec2: -----END SSH HOST KEY FINGERPRINTS-----
<14>Jan 14 18:39:12 ec2: #############################################################
-----BEGIN SSH HOST KEY KEYS-----
ecdsa-sha2-nistp256 AAAAE2VjZHNhLXNoYTItbmlzdHAyNTYAAAAIbmlzdHAyNTYAAABBBCwIHfZv9TTGkW6z98yrWj3fYCg9hPuxJYbwMeicrCtMF1rCpg+0DKnLD5odKV9HkM20gwNavcksrMs8IUnDmqY= root@ubuntu-bionic
ssh-ed25519 AAAAC3NzaC1lZDI1NTE5AAAAIJD8lh/oJp1QW2rggVVQZ95SRzx34qaCwZ5UwzARKcK7 root@ubuntu-bionic
ssh-rsa AAAAB3NzaC1yc2EAAAADAQABAAABAQC+H4DmOUoFzmLFA/2EgV3mG6Bcf98xWbB3fhQIes49EKys7by6yYYIv0QHjqe+ZptmQUBrJB/jNBKrjcYnxq1826RjUtZ/Uf9DUuOVf3nq/BmEgTyHkHrFgK1e1zTQfQBcsXU4TVywxXrzWdtKEg0FiGGmvfEHYlxaOyWbyzDSyIA1Lm0jjrzJPJu65mGP4+5Xd6Z7IgyUxPWQ1Jfz6/j/68LFqzSRU3faVsj2H5pii+pIBKfSGuEuRSd5UtMkJ4KTZX4f9yCYzVA5NVIqt6ugyprXnIRLLtN8FEItdtGDaXHRkephAMMufsw2XvDQRjznZiqzXP2At9DT/7rB2CMH root@ubuntu-bionic
-----END SSH HOST KEY KEYS-----
[   20.606059] cloud-init[1410]: Cloud-init v. 18.4-0ubuntu1~18.04.1 running 'modules:final' at Mon, 14 Jan 2019 18:39:11 +0000. Up 20.45 seconds.
[   20.606185] cloud-init[1410]: ci-info: no authorized ssh keys fingerprints found for user ubuntu.
[   20.606280] cloud-init[1410]: Cloud-init v. 18.4-0ubuntu1~18.04.1 finished at Mon, 14 Jan 2019 18:39:12 +0000. Datasource DataSourceNoCloud [seed=/dev/sdb][dsmode=net].  Up 20.59 seconds
